<?xml version="1.0" encoding="UTF-8"?>
<testsuite xmlns:xsi="http://www.w3.org/2001/XMLSchema-instance" xsi:noNamespaceSchemaLocation="https://maven.apache.org/surefire/maven-surefire-plugin/xsd/surefire-test-report.xsd" name="mylib.datastructures.treesTest" time="0.043" tests="19" errors="0" skipped="0" failures="0">
  <properties>
    <property name="sun.desktop" value="windows"/>
    <property name="awt.toolkit" value="sun.awt.windows.WToolkit"/>
    <property name="java.specification.version" value="11"/>
    <property name="sun.cpu.isalist" value="amd64"/>
    <property name="sun.jnu.encoding" value="Cp1252"/>
    <property name="java.class.path" value="C:\Users\Parsa\Desktop\MAVEN-PACKAGE\demo\target\test-classes;C:\Users\Parsa\Desktop\MAVEN-PACKAGE\demo\target\classes;C:\Users\Parsa\.m2\repository\junit\junit\4.11\junit-4.11.jar;C:\Users\Parsa\.m2\repository\org\hamcrest\hamcrest-core\1.3\hamcrest-core-1.3.jar;"/>
    <property name="java.vm.vendor" value="Oracle Corporation"/>
    <property name="sun.arch.data.model" value="64"/>
    <property name="user.variant" value=""/>
    <property name="java.vendor.url" value="https://openjdk.java.net/"/>
    <property name="user.timezone" value="America/Denver"/>
    <property name="java.vm.specification.version" value="11"/>
    <property name="os.name" value="Windows 10"/>
    <property name="sun.java.launcher" value="SUN_STANDARD"/>
    <property name="user.country" value="US"/>
    <property name="sun.boot.library.path" value="C:\Program Files\Java\jdk-11.0.17\bin"/>
    <property name="sun.java.command" value="C:\Users\Parsa\AppData\Local\Temp\surefire8566904585088789442\surefirebooter11679155957769320266.jar C:\Users\Parsa\AppData\Local\Temp\surefire8566904585088789442 2023-04-14T23-30-33_928-jvmRun1 surefire15664203748661256728tmp surefire_011946687521452976399tmp"/>
    <property name="jdk.debug" value="release"/>
    <property name="surefire.test.class.path" value="C:\Users\Parsa\Desktop\MAVEN-PACKAGE\demo\target\test-classes;C:\Users\Parsa\Desktop\MAVEN-PACKAGE\demo\target\classes;C:\Users\Parsa\.m2\repository\junit\junit\4.11\junit-4.11.jar;C:\Users\Parsa\.m2\repository\org\hamcrest\hamcrest-core\1.3\hamcrest-core-1.3.jar;"/>
    <property name="sun.cpu.endian" value="little"/>
    <property name="user.home" value="C:\Users\Parsa"/>
    <property name="user.language" value="en"/>
    <property name="java.specification.vendor" value="Oracle Corporation"/>
    <property name="java.version.date" value="2022-10-18"/>
    <property name="java.home" value="C:\Program Files\Java\jdk-11.0.17"/>
    <property name="file.separator" value="\"/>
    <property name="basedir" value="C:\Users\Parsa\Desktop\MAVEN-PACKAGE\demo"/>
    <property name="java.vm.compressedOopsMode" value="Zero based"/>
    <property name="line.separator" value="&#10;"/>
    <property name="java.specification.name" value="Java Platform API Specification"/>
    <property name="java.vm.specification.vendor" value="Oracle Corporation"/>
    <property name="java.awt.graphicsenv" value="sun.awt.Win32GraphicsEnvironment"/>
    <property name="surefire.real.class.path" value="C:\Users\Parsa\AppData\Local\Temp\surefire8566904585088789442\surefirebooter11679155957769320266.jar"/>
    <property name="user.script" value=""/>
    <property name="sun.management.compiler" value="HotSpot 64-Bit Tiered Compilers"/>
    <property name="java.runtime.version" value="11.0.17+10-LTS-269"/>
    <property name="user.name" value="Parsa"/>
    <property name="path.separator" value=";"/>
    <property name="os.version" value="10.0"/>
    <property name="java.runtime.name" value="Java(TM) SE Runtime Environment"/>
    <property name="file.encoding" value="Cp1252"/>
    <property name="java.vm.name" value="Java HotSpot(TM) 64-Bit Server VM"/>
    <property name="java.vendor.version" value="18.9"/>
    <property name="localRepository" value="C:\Users\Parsa\.m2\repository"/>
    <property name="java.vendor.url.bug" value="https://bugreport.java.com/bugreport/"/>
    <property name="java.io.tmpdir" value="C:\Users\Parsa\AppData\Local\Temp\"/>
    <property name="java.version" value="11.0.17"/>
    <property name="user.dir" value="C:\Users\Parsa\Desktop\MAVEN-PACKAGE\demo"/>
    <property name="os.arch" value="amd64"/>
    <property name="java.vm.specification.name" value="Java Virtual Machine Specification"/>
    <property name="java.awt.printerjob" value="sun.awt.windows.WPrinterJob"/>
    <property name="sun.os.patch.level" value=""/>
    <property name="java.library.path" value="C:\Program Files\Java\jdk-11.0.17\bin;C:\Windows\Sun\Java\bin;C:\Windows\system32;C:\Windows;C:\Program Files (x86)\Razer Chroma SDK\bin;C:\Program Files\Razer Chroma SDK\bin;C:\Program Files (x86)\Razer\ChromaBroadcast\bin;C:\Program Files\Razer\ChromaBroadcast\bin;C:\Windows\system32;C:\Windows;C:\Windows\System32\Wbem;C:\Windows\System32\WindowsPowerShell\v1.0\;C:\Windows\System32\OpenSSH\;C:\Program Files (x86)\NVIDIA Corporation\PhysX\Common;C:\Program Files\NVIDIA Corporation\NVIDIA NvDLISR;C:\Windows\system32\config\systemprofile\AppData\Local\Microsoft\WindowsApps;C:\Program Files\dotnet\;C:\Program Files\Git\cmd;C:\Program Files\Java\jdk-11.0.17\bin;C:\Program Files\nodejs\;C:\Program Files\Amazon\AWSCLIV2\;C:\ProgramData\chocolatey\bin;C:\Program Files\apache-maven-3.8.8\bin;C:\Users\Parsa\AppData\Local\Programs\Python\Python311\Scripts\;C:\Users\Parsa\AppData\Local\Programs\Python\Python311\;C:\Program Files\MySQL\MySQL Shell 8.0\bin\;C:\Users\Parsa\AppData\Local\Programs\Eclipse Adoptium\jdk-17.0.3.7-hotspot\bin;C:\Users\Parsa\AppData\Local\Programs\Python\Python39\Scripts\;C:\Users\Parsa\AppData\Local\Programs\Python\Python39\;C:\Users\Parsa\AppData\Local\Microsoft\WindowsApps;C:\intelFPGA_lite\18.1\modelsim_ase\win32aloem;C:\cygwin64\bin;C:\Users\Parsa\AppData\Local\Programs\Microsoft VS Code\bin;C:\Users\Parsa\AppData\Roaming\npm;."/>
    <property name="java.vendor" value="Oracle Corporation"/>
    <property name="java.vm.info" value="mixed mode"/>
    <property name="java.vm.version" value="11.0.17+10-LTS-269"/>
    <property name="sun.io.unicode.encoding" value="UnicodeLittle"/>
    <property name="java.class.version" value="55.0"/>
  </properties>
  <testcase name="testAVLConstructorWithNullNode" classname="mylib.datastructures.treesTest" time="0.003"/>
  <testcase name="testAVLConstructorWithSingleNode" classname="mylib.datastructures.treesTest" time="0"/>
  <testcase name="testDeleteLeafNode" classname="mylib.datastructures.treesTest" time="0"/>
  <testcase name="testBSTconstructor" classname="mylib.datastructures.treesTest" time="0"/>
  <testcase name="testBST" classname="mylib.datastructures.treesTest" time="0"/>
  <testcase name="testBSTInsertionAndSearch" classname="mylib.datastructures.treesTest" time="0"/>
  <testcase name="testGetRoot" classname="mylib.datastructures.treesTest" time="0"/>
  <testcase name="testAVLInsertionAndSearch" classname="mylib.datastructures.treesTest" time="0"/>
  <testcase name="testDeleteNodeWithTwoChildren" classname="mylib.datastructures.treesTest" time="0"/>
  <testcase name="testDelete" classname="mylib.datastructures.treesTest" time="0"/>
  <testcase name="testDeleteNonexistentNode" classname="mylib.datastructures.treesTest" time="0.001"/>
  <testcase name="testInsert" classname="mylib.datastructures.treesTest" time="0"/>
  <testcase name="testAVLRotation" classname="mylib.datastructures.treesTest" time="0"/>
  <testcase name="testDeleteNodeWithOneChild" classname="mylib.datastructures.treesTest" time="0"/>
  <testcase name="testSearch" classname="mylib.datastructures.treesTest" time="0"/>
  <testcase name="testEmptyAVL" classname="mylib.datastructures.treesTest" time="0"/>
  <testcase name="testEmptyBST" classname="mylib.datastructures.treesTest" time="0"/>
  <testcase name="testInsertDuplicates" classname="mylib.datastructures.treesTest" time="0"/>
  <testcase name="testSearchNonexistentNode" classname="mylib.datastructures.treesTest" time="0"/>
</testsuite>